2018-11-27 11:27:45,893 [4] [INFO ] :
 Start 

2018-11-27 11:27:46,285 [4] [INFO ] :
 job excute 

2018-11-27 11:27:56,248 [7] [INFO ] :
 job excute 

2018-11-27 11:28:06,247 [7] [INFO ] :
 job excute 

2018-11-27 11:28:16,245 [7] [INFO ] :
 job excute 

2018-11-27 11:28:26,248 [7] [INFO ] :
 job excute 

2018-11-27 11:28:36,248 [4] [INFO ] :
 job excute 

2018-11-27 11:28:46,245 [4] [INFO ] :
 job excute 

2018-11-27 11:28:56,248 [8] [INFO ] :
 job excute 

2018-11-27 11:29:06,247 [8] [INFO ] :
 job excute 

2018-11-27 11:29:16,247 [8] [INFO ] :
 job excute 

2018-11-27 11:29:26,247 [4] [INFO ] :
 job excute 

2018-11-27 11:29:36,247 [4] [INFO ] :
 job excute 

2018-11-27 11:29:46,247 [4] [INFO ] :
 job excute 

2018-11-27 11:29:56,247 [7] [INFO ] :
 job excute 

2018-11-27 11:30:06,247 [7] [INFO ] :
 job excute 

2018-11-27 11:30:16,248 [7] [INFO ] :
 job excute 

2018-11-27 11:30:26,247 [8] [INFO ] :
 job excute 

2018-11-27 11:30:36,247 [7] [INFO ] :
 job excute 

2018-11-27 13:56:11,602 [1] [INFO ] :
 服务开始运行 

2018-11-27 15:57:02,469 [1] [INFO ] :
 服务开始运行 

2018-11-27 15:57:03,023 [1] [INFO ] :
 开始作业调度 

2018-11-27 15:57:03,057 [5] [INFO ] :
 job excute 

2018-11-27 15:57:04,000 [8] [INFO ] :
 job excute 

2018-11-27 16:00:25,098 [1] [INFO ] :
 服务开始运行 

2018-11-27 16:00:25,751 [1] [INFO ] :
 开始作业调度 

2018-11-27 16:00:25,784 [5] [INFO ] :
 job excute 

2018-11-27 16:00:26,000 [6] [INFO ] :
 job excute 

2018-11-27 16:00:27,001 [8] [INFO ] :
 job excute 

2018-11-27 16:00:28,000 [5] [INFO ] :
 job excute 

2018-11-27 16:00:29,001 [8] [INFO ] :
 job excute 

2018-11-27 16:00:30,000 [6] [INFO ] :
 job excute 

