2018-11-27 15:49:53,021 [1] [INFO ] :
 服务开始运行 

2018-11-27 15:49:53,504 [1] [INFO ] :
 开始作业调度 

2018-11-27 15:49:53,540 [5] [INFO ] :
 job excute 

2018-11-27 15:50:10,001 [5] [INFO ] :
 job excute 

2018-11-27 15:51:10,003 [8] [INFO ] :
 job excute 

2018-11-27 15:52:10,004 [10] [INFO ] :
 job excute 

2018-11-27 15:53:10,006 [12] [INFO ] :
 job excute 

2018-11-27 15:54:03,751 [1] [INFO ] :
 服务开始运行 

2018-11-27 15:54:04,233 [1] [INFO ] :
 开始作业调度 

2018-11-27 15:54:04,269 [5] [INFO ] :
 job excute 

2018-11-27 15:54:10,000 [5] [INFO ] :
 job excute 

2018-11-27 15:54:20,001 [5] [INFO ] :
 job excute 

2018-11-27 15:54:30,000 [5] [INFO ] :
 job excute 

2018-11-27 15:54:40,001 [5] [INFO ] :
 job excute 

2018-11-27 15:54:50,000 [5] [INFO ] :
 job excute 

2018-11-27 15:55:00,001 [5] [INFO ] :
 job excute 

2018-11-27 15:55:10,001 [5] [INFO ] :
 job excute 

2018-11-27 15:55:20,001 [5] [INFO ] :
 job excute 

2018-11-27 15:55:30,001 [5] [INFO ] :
 job excute 

2018-11-27 15:55:40,000 [5] [INFO ] :
 job excute 

2018-11-27 15:55:50,000 [5] [INFO ] :
 job excute 

2018-11-27 15:56:00,000 [5] [INFO ] :
 job excute 

2018-11-27 15:56:02,922 [5] [INFO ] :
 停止调度作业 

